0 info it worked if it ends with ok
1 verbose cli [ '/usr/bin/node', '/usr/bin/npm', 'install', '-g', 'd3js' ]
2 info using npm@1.4.28
3 info using node@v0.10.33
4 verbose node symlink /usr/bin/node
5 verbose cache add [ 'd3js', null ]
6 verbose cache add name=undefined spec="d3js" args=["d3js",null]
7 verbose parsed url { protocol: null,
7 verbose parsed url   slashes: null,
7 verbose parsed url   auth: null,
7 verbose parsed url   host: null,
7 verbose parsed url   port: null,
7 verbose parsed url   hostname: null,
7 verbose parsed url   hash: null,
7 verbose parsed url   search: null,
7 verbose parsed url   query: null,
7 verbose parsed url   pathname: 'd3js',
7 verbose parsed url   path: 'd3js',
7 verbose parsed url   href: 'd3js' }
8 silly lockFile a884fd85-d3js d3js
9 verbose lock d3js /home/yug/.npm/a884fd85-d3js.lock
10 silly lockFile a884fd85-d3js d3js
11 silly lockFile a884fd85-d3js d3js
12 verbose addNamed [ 'd3js', '' ]
13 verbose addNamed [ null, '*' ]
14 silly lockFile 1df1cd4d-d3js d3js@
15 verbose lock d3js@ /home/yug/.npm/1df1cd4d-d3js.lock
16 silly addNameRange { name: 'd3js', range: '*', hasData: false }
17 verbose request where is /d3js
18 verbose request registry https://registry.npmjs.org/
19 verbose request id 9370d76e477f0704
20 verbose url raw /d3js
21 verbose url resolving [ 'https://registry.npmjs.org/', './d3js' ]
22 verbose url resolved https://registry.npmjs.org/d3js
23 verbose request where is https://registry.npmjs.org/d3js
24 info trying registry request attempt 1 at 02:30:29
25 http GET https://registry.npmjs.org/d3js
26 http 404 https://registry.npmjs.org/d3js
27 verbose headers { date: 'Thu, 19 Feb 2015 01:30:29 GMT',
27 verbose headers   server: 'CouchDB/1.5.0 (Erlang OTP/R16B03)',
27 verbose headers   'content-type': 'application/json',
27 verbose headers   'cache-control': 'max-age=0',
27 verbose headers   'content-length': '52',
27 verbose headers   'accept-ranges': 'bytes',
27 verbose headers   via: '1.1 varnish',
27 verbose headers   age: '0',
27 verbose headers   'x-served-by': 'cache-fra1227-FRA',
27 verbose headers   'x-cache': 'MISS',
27 verbose headers   'x-cache-hits': '0',
27 verbose headers   'x-timer': 'S1424309429.649352,VS0,VE175',
27 verbose headers   'keep-alive': 'timeout=10, max=50',
27 verbose headers   connection: 'Keep-Alive' }
28 silly registry.get cb [ 404,
28 silly registry.get   { date: 'Thu, 19 Feb 2015 01:30:29 GMT',
28 silly registry.get     server: 'CouchDB/1.5.0 (Erlang OTP/R16B03)',
28 silly registry.get     'content-type': 'application/json',
28 silly registry.get     'cache-control': 'max-age=0',
28 silly registry.get     'content-length': '52',
28 silly registry.get     'accept-ranges': 'bytes',
28 silly registry.get     via: '1.1 varnish',
28 silly registry.get     age: '0',
28 silly registry.get     'x-served-by': 'cache-fra1227-FRA',
28 silly registry.get     'x-cache': 'MISS',
28 silly registry.get     'x-cache-hits': '0',
28 silly registry.get     'x-timer': 'S1424309429.649352,VS0,VE175',
28 silly registry.get     'keep-alive': 'timeout=10, max=50',
28 silly registry.get     connection: 'Keep-Alive' } ]
29 silly lockFile 1df1cd4d-d3js d3js@
30 silly lockFile 1df1cd4d-d3js d3js@
31 error 404 404 Not Found: d3js
31 error 404
31 error 404 'd3js' is not in the npm registry.
31 error 404 You should bug the author to publish it
31 error 404
31 error 404 Note that you can also install from a
31 error 404 tarball, folder, or http url, or git url.
32 error System Linux 3.13.0-44-generic
33 error command "/usr/bin/node" "/usr/bin/npm" "install" "-g" "d3js"
34 error cwd /data/yug/projects_active/make-modules/09_d3
35 error node -v v0.10.33
36 error npm -v 1.4.28
37 error code E404
38 verbose exit [ 1, true ]
